<?xml version="1.0" encoding="UTF-8"?>
<testng-results skipped="0" failed="0" ignored="0" total="4" passed="4">
  <reporter-output>
  </reporter-output>
  <suite name="Suite1" duration-ms="85" started-at="2017-03-14T18:16:36Z" finished-at="2017-03-14T18:16:37Z">
    <groups>
    </groups>
    <test name="TEST1" duration-ms="27" started-at="2017-03-14T18:16:36Z" finished-at="2017-03-14T18:16:36Z">
      <class name="test">
        <test-method status="PASS" signature="setUpClass()[pri:0, instance:test@1b40d5f0]" name="setUpClass" is-config="true" duration-ms="7" started-at="2017-03-14T20:16:36Z" finished-at="2017-03-14T20:16:36Z">
          <reporter-output>
          </reporter-output>
        </test-method> <!-- setUpClass -->
        <test-method status="PASS" signature="second2Test()[pri:0, instance:test@1b40d5f0]" name="second2Test" duration-ms="1" started-at="2017-03-14T20:16:36Z" finished-at="2017-03-14T20:16:36Z">
          <reporter-output>
          </reporter-output>
        </test-method> <!-- second2Test -->
        <test-method status="PASS" signature="setUpMethod()[pri:0, instance:test@1b40d5f0]" name="setUpMethod" is-config="true" duration-ms="0" started-at="2017-03-14T20:16:36Z" finished-at="2017-03-14T20:16:36Z">
          <reporter-output>
          </reporter-output>
        </test-method> <!-- setUpMethod -->
        <test-method status="PASS" signature="after()[pri:0, instance:test@1b40d5f0]" name="after" is-config="true" duration-ms="0" started-at="2017-03-14T20:16:36Z" finished-at="2017-03-14T20:16:36Z">
          <reporter-output>
          </reporter-output>
        </test-method> <!-- after -->
        <test-method status="PASS" signature="setUpMethod()[pri:0, instance:test@1b40d5f0]" name="setUpMethod" is-config="true" duration-ms="0" started-at="2017-03-14T20:16:36Z" finished-at="2017-03-14T20:16:36Z">
          <reporter-output>
          </reporter-output>
        </test-method> <!-- setUpMethod -->
        <test-method status="PASS" signature="secondTest()[pri:0, instance:test@1b40d5f0]" name="secondTest" duration-ms="1" started-at="2017-03-14T20:16:36Z" finished-at="2017-03-14T20:16:36Z">
          <reporter-output>
          </reporter-output>
        </test-method> <!-- secondTest -->
        <test-method status="PASS" signature="after()[pri:0, instance:test@1b40d5f0]" name="after" is-config="true" duration-ms="0" started-at="2017-03-14T20:16:36Z" finished-at="2017-03-14T20:16:36Z">
          <reporter-output>
          </reporter-output>
        </test-method> <!-- after -->
        <test-method status="PASS" signature="tearDownTest()[pri:0, instance:test@1b40d5f0]" name="tearDownTest" is-config="true" duration-ms="0" started-at="2017-03-14T20:16:36Z" finished-at="2017-03-14T20:16:36Z">
          <reporter-output>
          </reporter-output>
        </test-method> <!-- tearDownTest -->
      </class> <!-- test -->
    </test> <!-- TEST1 -->
    <test name="TEST2" duration-ms="3" started-at="2017-03-14T18:16:37Z" finished-at="2017-03-14T18:16:37Z">
      <class name="test2">
        <test-method status="PASS" signature="setUpClass()[pri:0, instance:test2@2c8d66b2]" name="setUpClass" is-config="true" duration-ms="0" started-at="2017-03-14T20:16:37Z" finished-at="2017-03-14T20:16:37Z">
          <reporter-output>
          </reporter-output>
        </test-method> <!-- setUpClass -->
        <test-method status="PASS" signature="setUpMethod()[pri:0, instance:test2@2c8d66b2]" name="setUpMethod" is-config="true" duration-ms="1" started-at="2017-03-14T20:16:37Z" finished-at="2017-03-14T20:16:37Z">
          <reporter-output>
          </reporter-output>
        </test-method> <!-- setUpMethod -->
        <test-method status="PASS" signature="second2Test()[pri:0, instance:test2@2c8d66b2]" name="second2Test" duration-ms="0" started-at="2017-03-14T20:16:37Z" finished-at="2017-03-14T20:16:37Z">
          <reporter-output>
          </reporter-output>
        </test-method> <!-- second2Test -->
        <test-method status="PASS" signature="setUpMethod()[pri:0, instance:test2@2c8d66b2]" name="setUpMethod" is-config="true" duration-ms="0" started-at="2017-03-14T20:16:37Z" finished-at="2017-03-14T20:16:37Z">
          <reporter-output>
          </reporter-output>
        </test-method> <!-- setUpMethod -->
        <test-method status="PASS" signature="after()[pri:0, instance:test2@2c8d66b2]" name="after" is-config="true" duration-ms="0" started-at="2017-03-14T20:16:37Z" finished-at="2017-03-14T20:16:37Z">
          <reporter-output>
          </reporter-output>
        </test-method> <!-- after -->
        <test-method status="PASS" signature="secondTest()[pri:0, instance:test2@2c8d66b2]" name="secondTest" duration-ms="0" started-at="2017-03-14T20:16:37Z" finished-at="2017-03-14T20:16:37Z">
          <reporter-output>
          </reporter-output>
        </test-method> <!-- secondTest -->
        <test-method status="PASS" signature="after()[pri:0, instance:test2@2c8d66b2]" name="after" is-config="true" duration-ms="0" started-at="2017-03-14T20:16:37Z" finished-at="2017-03-14T20:16:37Z">
          <reporter-output>
          </reporter-output>
        </test-method> <!-- after -->
        <test-method status="PASS" signature="tearDownTest()[pri:0, instance:test2@2c8d66b2]" name="tearDownTest" is-config="true" duration-ms="1" started-at="2017-03-14T20:16:37Z" finished-at="2017-03-14T20:16:37Z">
          <reporter-output>
          </reporter-output>
        </test-method> <!-- tearDownTest -->
      </class> <!-- test2 -->
    </test> <!-- TEST2 -->
  </suite> <!-- Suite1 -->
</testng-results>
